<?xml version="1.0" encoding="UTF-8"?>
<!-- Generated by org.testng.reporters.JUnitReportReporter -->
<testsuite hostname="LAPTOP-OP5S0AE4" failures="0" tests="4" name="runner.CucumberRunnerTests" time="56.341" errors="0" timestamp="2025-05-23T06:45:21 IST" skipped="0">
  <testcase classname="runner.CucumberRunnerTests" name="runScenario" time="16.590"/>
  <system-out/>
  <testcase classname="runner.CucumberRunnerTests" name="runScenario" time="12.606"/>
  <system-out/>
  <testcase classname="runner.CucumberRunnerTests" name="runScenario" time="13.564"/>
  <system-out/>
  <testcase classname="runner.CucumberRunnerTests" name="runScenario" time="13.581"/>
  <system-out/>
</testsuite> <!-- runner.CucumberRunnerTests -->
