<?xml version="1.0" encoding="UTF-8"?>
<!-- Generated by org.testng.reporters.JUnitReportReporter -->
<testsuite hostname="LAPTOP-OP5S0AE4" failures="0" tests="1" name="loginTest.TestCase002" time="7.513" errors="0" timestamp="2025-05-05T06:58:46 IST" skipped="0">
  <testcase classname="loginTest.TestCase002" name="LoginFunctionalty" time="7.513"/>
  <system-out/>
</testsuite> <!-- loginTest.TestCase002 -->
